============================= test session starts =============================
platform win32 -- Python 3.13.7, pytest-8.4.2, pluggy-1.6.0 -- C:\Users\20190\AppData\Local\Programs\Python\Python313\python.exe
cachedir: .pytest_cache
rootdir: D:\chimera\backend-api
configfile: pytest.ini
plugins: anyio-4.10.0, asyncio-1.2.0
asyncio: mode=Mode.AUTO, debug=False, asyncio_default_fixture_loop_scope=None, asyncio_default_test_loop_scope=function
collecting ... 
----------------------------- live log collection -----------------------------
11:00:11 [    INFO] app.core.connection_pool: ConnectionPoolManager initialized
11:00:11 [    INFO] app.services.provider_management_service: ProviderManagementService initialized
collected 0 items / 1 error

=================================== ERRORS ====================================
_____________________ ERROR collecting tests/test_api.py ______________________
ImportError while importing test module 'D:\chimera\backend-api\tests\test_api.py'.
Hint: make sure your test modules/packages have valid Python names.
Traceback:
C:\Users\20190\AppData\Local\Programs\Python\Python313\Lib\importlib\__init__.py:88: in import_module
    return _bootstrap._gcd_import(name[level:], package, level)
           ^^^^^^^^^^^^^^^^^^^^^^^^^^^^^^^^^^^^^^^^^^^^^^^^^^^^
tests\test_api.py:7: in <module>
    from app.main import app
app\main.py:48: in <module>
    from app.api.api_routes import router as api_router  # noqa: E402
    ^^^^^^^^^^^^^^^^^^^^^^^^^^^^^^^^^^^^^^^^^^^^^^^^^^^
app\api\api_routes.py:23: in <module>
    from app.api.v1.endpoints.jailbreak import router as jailbreak_router
app\api\v1\endpoints\__init__.py:1: in <module>
    from . import evasion, models, strategies
app\api\v1\endpoints\evasion.py:29: in <module>
    from app.tasks.evasion_tasks import run_evasion_task  # Import the Celery task
    ^^^^^^^^^^^^^^^^^^^^^^^^^^^^^^^^^^^^^^^^^^^^^^^^^^^^
app\tasks\evasion_tasks.py:12: in <module>
    from app.services.evasion_engine import EvasionEngine
app\services\evasion_engine.py:8: in <module>
    from app.services.llm_factory import LLMFactory
app\services\llm_factory.py:5: in <module>
    from app.services.llm_adapters.gemini_adapter import GeminiAdapter
app\services\llm_adapters\gemini_adapter.py:5: in <module>
    from google import genai
E   ModuleNotFoundError: No module named 'google'
============================== warnings summary ===============================
C:\Users\20190\AppData\Local\Programs\Python\Python313\Lib\site-packages\_pytest\config\__init__.py:1474
  C:\Users\20190\AppData\Local\Programs\Python\Python313\Lib\site-packages\_pytest\config\__init__.py:1474: PytestConfigWarning: Unknown config option: timeout
  
    self._warn_or_fail_if_strict(f"Unknown config option: {key}\n")

-- Docs: https://docs.pytest.org/en/stable/how-to/capture-warnings.html
=========================== short test summary info ===========================
ERROR tests/test_api.py
!!!!!!!!!!!!!!!!!!! Interrupted: 1 error during collection !!!!!!!!!!!!!!!!!!!!
========================= 1 warning, 1 error in 1.75s =========================
